<?xml version="1.0" encoding="UTF-8"?>
<testng-results skipped="0" failed="0" ignored="0" total="1" passed="1">
  <reporter-output>
    <line>
      <![CDATA[Test execution has started...]]>
    </line>
    <line>
      <![CDATA[C:\Users\Administrator\Desktop\MobileInsurance\src\test\resources\TestCases\CreateClientContract.xls]]>
    </line>
    <line>
      <![CDATA[TestCaseCount : 15]]>
    </line>
    <line>
      <![CDATA[*******************************************************************************************]]>
    </line>
    <line>
      <![CDATA[S.No: 0 Test execution started for testID: TC_Create_Client_01]]>
    </line>
    <line>
      <![CDATA[Client creation skipped for test case TC_Create_Client_01.]]>
    </line>
    <line>
      <![CDATA[Client FamilyDetails creation skipped for test case TC_Create_Client_01.]]>
    </line>
    <line>
      <![CDATA[Client ProfessionDetails creation skipped for test case TC_Create_Client_01.]]>
    </line>
    <line>
      <![CDATA[Client JobDetails creation skipped for test case TC_Create_Client_01.]]>
    </line>
    <line>
      <![CDATA[Client RiskDetails creation skipped for test case TC_Create_Client_01.]]>
    </line>
    <line>
      <![CDATA[Client BankDetails creation skipped for test case TC_Create_Client_01.]]>
    </line>
    <line>
      <![CDATA[Start Create Contract for client First Name :  F Last Name :  Maria  Email Id :  TC_Create_Client_01@ittechnocrats.com]]>
    </line>
    <line>
      <![CDATA[Search client by Email Id :  TC_Create_Client_01@ittechnocrats.com]]>
    </line>
    <line>
      <![CDATA[Client found with details First Name :  F Last Name :  Maria  Email Id :  TC_Create_Client_01@ittechnocrats.com]]>
    </line>
    <line>
      <![CDATA[Verify existing contract count]]>
    </line>
    <line>
      <![CDATA[Test Case ID : TC_Create_Client_01  Status : Failed  Comment : Error: occured on no such window: target window already closed
from unknown error: web view not found
  (Session info: chrome=55.0.2883.87)
  (Driver info: chromedriver=2.27.440174 (e97a722caafc2d3a8b807ee115bfb307f7d2cfd9),platform=Windows NT 6.1.7601 SP1 x86_64) (WARNING: The server did not provide any stacktrace information)
Command duration or timeout: 11 milliseconds
Build info: version: '3.0.1', revision: '1969d75', time: '2016-10-18 09:49:13 -0700'
System info: host: 'prateeksharma1', ip: '10.59.24.189', os.name: 'Windows 7', os.arch: 'amd64', os.version: '6.1', java.version: '1.8.0_102'
Driver info: org.openqa.selenium.chrome.ChromeDriver
Capabilities [{applicationCacheEnabled=false, rotatable=false, mobileEmulationEnabled=false, networkConnectionEnabled=false, chrome={chromedriverVersion=2.27.440174 (e97a722caafc2d3a8b807ee115bfb307f7d2cfd9), userDataDir=C:\Users\ADMINI~1\AppData\Local\Temp\scoped_dir4468_7696}, takesHeapSnapshot=true, pageLoadStrategy=normal, databaseEnabled=false, handlesAlerts=true, hasTouchScreen=false, version=55.0.2883.87, platform=XP, browserConnectionEnabled=false, nativeEvents=true, acceptSslCerts=true, locationContextEnabled=true, webStorageEnabled=true, browserName=chrome, takesScreenshot=true, javascriptEnabled=true, cssSelectorsEnabled=true, unexpectedAlertBehaviour=}]
Session ID: 60b924a1d9bba6f3e2fa7ca7d30b22ed
*** Element info: {Using=xpath, value=//span[text()='Contract Data']} element.[ TCID: TC_Create_Client_01]]]>
    </line>
    <line>
      <![CDATA[Test Case ID : TC_Create_Client_01  Status : Failed  Comment : Error: occured on no such window: target window already closed
from unknown error: web view not found
  (Session info: chrome=55.0.2883.87)
  (Driver info: chromedriver=2.27.440174 (e97a722caafc2d3a8b807ee115bfb307f7d2cfd9),platform=Windows NT 6.1.7601 SP1 x86_64) (WARNING: The server did not provide any stacktrace information)
Command duration or timeout: 11 milliseconds
Build info: version: '3.0.1', revision: '1969d75', time: '2016-10-18 09:49:13 -0700'
System info: host: 'prateeksharma1', ip: '10.59.24.189', os.name: 'Windows 7', os.arch: 'amd64', os.version: '6.1', java.version: '1.8.0_102'
Driver info: org.openqa.selenium.chrome.ChromeDriver
Capabilities [{applicationCacheEnabled=false, rotatable=false, mobileEmulationEnabled=false, networkConnectionEnabled=false, chrome={chromedriverVersion=2.27.440174 (e97a722caafc2d3a8b807ee115bfb307f7d2cfd9), userDataDir=C:\Users\ADMINI~1\AppData\Local\Temp\scoped_dir4468_7696}, takesHeapSnapshot=true, pageLoadStrategy=normal, databaseEnabled=false, handlesAlerts=true, hasTouchScreen=false, version=55.0.2883.87, platform=XP, browserConnectionEnabled=false, nativeEvents=true, acceptSslCerts=true, locationContextEnabled=true, webStorageEnabled=true, browserName=chrome, takesScreenshot=true, javascriptEnabled=true, cssSelectorsEnabled=true, unexpectedAlertBehaviour=}]
Session ID: 60b924a1d9bba6f3e2fa7ca7d30b22ed
*** Element info: {Using=xpath, value=//span[text()='Contract Data']} element.[ TCID: TC_Create_Client_01]]]>
    </line>
    <line>
      <![CDATA[Error: Test Case failed due to error occured]]>
    </line>
    <line>
      <![CDATA[Test Case ID :   Status : Failed  Comment : Error: Refer output logs for more information.]]>
    </line>
  </reporter-output>
  <suite name="Suite" duration-ms="467252" started-at="2017-02-06T07:19:05Z" finished-at="2017-02-06T07:26:52Z">
    <groups>
    </groups>
    <test name="MI_Test_Cycle_1" duration-ms="467252" started-at="2017-02-06T07:19:05Z" finished-at="2017-02-06T07:26:52Z">
      <class name="mob_insurance.scripts.AddClientContractDetails">
        <test-method status="PASS" signature="BeforeExecution()[pri:0, instance:mob_insurance.scripts.AddClientContractDetails@20322d26]" name="BeforeExecution" is-config="true" duration-ms="13" started-at="2017-02-06T02:19:05Z" finished-at="2017-02-06T02:19:05Z">
          <reporter-output>
          </reporter-output>
        </test-method> <!-- BeforeExecution -->
        <test-method status="PASS" signature="init(java.lang.String)[pri:0, instance:mob_insurance.scripts.AddClientContractDetails@20322d26]" name="init" is-config="true" duration-ms="4599" started-at="2017-02-06T02:19:05Z" finished-at="2017-02-06T02:19:09Z">
          <params>
            <param index="0">
              <value>
                <![CDATA[chrome]]>
              </value>
            </param>
          </params>
          <reporter-output>
          </reporter-output>
        </test-method> <!-- init -->
        <test-method status="PASS" signature="AddClientAndContract()[pri:0, instance:mob_insurance.scripts.AddClientContractDetails@20322d26]" name="AddClientAndContract" duration-ms="455533" started-at="2017-02-06T02:19:09Z" finished-at="2017-02-06T02:26:45Z">
          <reporter-output>
            <line>
              <![CDATA[Test execution has started...]]>
            </line>
            <line>
              <![CDATA[C:\Users\Administrator\Desktop\MobileInsurance\src\test\resources\TestCases\CreateClientContract.xls]]>
            </line>
            <line>
              <![CDATA[TestCaseCount : 15]]>
            </line>
            <line>
              <![CDATA[*******************************************************************************************]]>
            </line>
            <line>
              <![CDATA[S.No: 0 Test execution started for testID: TC_Create_Client_01]]>
            </line>
            <line>
              <![CDATA[Client creation skipped for test case TC_Create_Client_01.]]>
            </line>
            <line>
              <![CDATA[Client FamilyDetails creation skipped for test case TC_Create_Client_01.]]>
            </line>
            <line>
              <![CDATA[Client ProfessionDetails creation skipped for test case TC_Create_Client_01.]]>
            </line>
            <line>
              <![CDATA[Client JobDetails creation skipped for test case TC_Create_Client_01.]]>
            </line>
            <line>
              <![CDATA[Client RiskDetails creation skipped for test case TC_Create_Client_01.]]>
            </line>
            <line>
              <![CDATA[Client BankDetails creation skipped for test case TC_Create_Client_01.]]>
            </line>
            <line>
              <![CDATA[Start Create Contract for client First Name :  F Last Name :  Maria  Email Id :  TC_Create_Client_01@ittechnocrats.com]]>
            </line>
            <line>
              <![CDATA[Search client by Email Id :  TC_Create_Client_01@ittechnocrats.com]]>
            </line>
            <line>
              <![CDATA[Client found with details First Name :  F Last Name :  Maria  Email Id :  TC_Create_Client_01@ittechnocrats.com]]>
            </line>
            <line>
              <![CDATA[Verify existing contract count]]>
            </line>
            <line>
              <![CDATA[Test Case ID : TC_Create_Client_01  Status : Failed  Comment : Error: occured on no such window: target window already closed
from unknown error: web view not found
  (Session info: chrome=55.0.2883.87)
  (Driver info: chromedriver=2.27.440174 (e97a722caafc2d3a8b807ee115bfb307f7d2cfd9),platform=Windows NT 6.1.7601 SP1 x86_64) (WARNING: The server did not provide any stacktrace information)
Command duration or timeout: 11 milliseconds
Build info: version: '3.0.1', revision: '1969d75', time: '2016-10-18 09:49:13 -0700'
System info: host: 'prateeksharma1', ip: '10.59.24.189', os.name: 'Windows 7', os.arch: 'amd64', os.version: '6.1', java.version: '1.8.0_102'
Driver info: org.openqa.selenium.chrome.ChromeDriver
Capabilities [{applicationCacheEnabled=false, rotatable=false, mobileEmulationEnabled=false, networkConnectionEnabled=false, chrome={chromedriverVersion=2.27.440174 (e97a722caafc2d3a8b807ee115bfb307f7d2cfd9), userDataDir=C:\Users\ADMINI~1\AppData\Local\Temp\scoped_dir4468_7696}, takesHeapSnapshot=true, pageLoadStrategy=normal, databaseEnabled=false, handlesAlerts=true, hasTouchScreen=false, version=55.0.2883.87, platform=XP, browserConnectionEnabled=false, nativeEvents=true, acceptSslCerts=true, locationContextEnabled=true, webStorageEnabled=true, browserName=chrome, takesScreenshot=true, javascriptEnabled=true, cssSelectorsEnabled=true, unexpectedAlertBehaviour=}]
Session ID: 60b924a1d9bba6f3e2fa7ca7d30b22ed
*** Element info: {Using=xpath, value=//span[text()='Contract Data']} element.[ TCID: TC_Create_Client_01]]]>
            </line>
            <line>
              <![CDATA[Test Case ID : TC_Create_Client_01  Status : Failed  Comment : Error: occured on no such window: target window already closed
from unknown error: web view not found
  (Session info: chrome=55.0.2883.87)
  (Driver info: chromedriver=2.27.440174 (e97a722caafc2d3a8b807ee115bfb307f7d2cfd9),platform=Windows NT 6.1.7601 SP1 x86_64) (WARNING: The server did not provide any stacktrace information)
Command duration or timeout: 11 milliseconds
Build info: version: '3.0.1', revision: '1969d75', time: '2016-10-18 09:49:13 -0700'
System info: host: 'prateeksharma1', ip: '10.59.24.189', os.name: 'Windows 7', os.arch: 'amd64', os.version: '6.1', java.version: '1.8.0_102'
Driver info: org.openqa.selenium.chrome.ChromeDriver
Capabilities [{applicationCacheEnabled=false, rotatable=false, mobileEmulationEnabled=false, networkConnectionEnabled=false, chrome={chromedriverVersion=2.27.440174 (e97a722caafc2d3a8b807ee115bfb307f7d2cfd9), userDataDir=C:\Users\ADMINI~1\AppData\Local\Temp\scoped_dir4468_7696}, takesHeapSnapshot=true, pageLoadStrategy=normal, databaseEnabled=false, handlesAlerts=true, hasTouchScreen=false, version=55.0.2883.87, platform=XP, browserConnectionEnabled=false, nativeEvents=true, acceptSslCerts=true, locationContextEnabled=true, webStorageEnabled=true, browserName=chrome, takesScreenshot=true, javascriptEnabled=true, cssSelectorsEnabled=true, unexpectedAlertBehaviour=}]
Session ID: 60b924a1d9bba6f3e2fa7ca7d30b22ed
*** Element info: {Using=xpath, value=//span[text()='Contract Data']} element.[ TCID: TC_Create_Client_01]]]>
            </line>
            <line>
              <![CDATA[Error: Test Case failed due to error occured]]>
            </line>
            <line>
              <![CDATA[Test Case ID :   Status : Failed  Comment : Error: Refer output logs for more information.]]>
            </line>
          </reporter-output>
        </test-method> <!-- AddClientAndContract -->
        <test-method status="FAIL" signature="tearDown()[pri:0, instance:mob_insurance.scripts.AddClientContractDetails@20322d26]" name="tearDown" is-config="true" duration-ms="0" started-at="2017-02-06T02:26:45Z" finished-at="2017-02-06T02:26:45Z">
          <exception class="org.openqa.selenium.WebDriverException">
            <message>
              <![CDATA[chrome not reachable
  (Session info: chrome=55.0.2883.87)
  (Driver info: chromedriver=2.27.440174 (e97a722caafc2d3a8b807ee115bfb307f7d2cfd9),platform=Windows NT 6.1.7601 SP1 x86_64) (WARNING: The server did not provide any stacktrace information)
Command duration or timeout: 2.09 seconds
Build info: version: '3.0.1', revision: '1969d75', time: '2016-10-18 09:49:13 -0700'
System info: host: 'prateeksharma1', ip: '10.59.24.189', os.name: 'Windows 7', os.arch: 'amd64', os.version: '6.1', java.version: '1.8.0_102'
Driver info: org.openqa.selenium.chrome.ChromeDriver
Capabilities [{applicationCacheEnabled=false, rotatable=false, mobileEmulationEnabled=false, networkConnectionEnabled=false, chrome={chromedriverVersion=2.27.440174 (e97a722caafc2d3a8b807ee115bfb307f7d2cfd9), userDataDir=C:\Users\ADMINI~1\AppData\Local\Temp\scoped_dir4468_7696}, takesHeapSnapshot=true, pageLoadStrategy=normal, databaseEnabled=false, handlesAlerts=true, hasTouchScreen=false, version=55.0.2883.87, platform=XP, browserConnectionEnabled=false, nativeEvents=true, acceptSslCerts=true, locationContextEnabled=true, webStorageEnabled=true, browserName=chrome, takesScreenshot=true, javascriptEnabled=true, cssSelectorsEnabled=true, unexpectedAlertBehaviour=}]
Session ID: 60b924a1d9bba6f3e2fa7ca7d30b22ed]]>
            </message>
            <full-stacktrace>
              <![CDATA[org.openqa.selenium.WebDriverException: chrome not reachable
  (Session info: chrome=55.0.2883.87)
  (Driver info: chromedriver=2.27.440174 (e97a722caafc2d3a8b807ee115bfb307f7d2cfd9),platform=Windows NT 6.1.7601 SP1 x86_64) (WARNING: The server did not provide any stacktrace information)
Command duration or timeout: 2.09 seconds
Build info: version: '3.0.1', revision: '1969d75', time: '2016-10-18 09:49:13 -0700'
System info: host: 'prateeksharma1', ip: '10.59.24.189', os.name: 'Windows 7', os.arch: 'amd64', os.version: '6.1', java.version: '1.8.0_102'
Driver info: org.openqa.selenium.chrome.ChromeDriver
Capabilities [{applicationCacheEnabled=false, rotatable=false, mobileEmulationEnabled=false, networkConnectionEnabled=false, chrome={chromedriverVersion=2.27.440174 (e97a722caafc2d3a8b807ee115bfb307f7d2cfd9), userDataDir=C:\Users\ADMINI~1\AppData\Local\Temp\scoped_dir4468_7696}, takesHeapSnapshot=true, pageLoadStrategy=normal, databaseEnabled=false, handlesAlerts=true, hasTouchScreen=false, version=55.0.2883.87, platform=XP, browserConnectionEnabled=false, nativeEvents=true, acceptSslCerts=true, locationContextEnabled=true, webStorageEnabled=true, browserName=chrome, takesScreenshot=true, javascriptEnabled=true, cssSelectorsEnabled=true, unexpectedAlertBehaviour=}]
Session ID: 60b924a1d9bba6f3e2fa7ca7d30b22ed
	at sun.reflect.NativeConstructorAccessorImpl.newInstance0(Native Method)
	at sun.reflect.NativeConstructorAccessorImpl.newInstance(Unknown Source)
	at sun.reflect.DelegatingConstructorAccessorImpl.newInstance(Unknown Source)
	at java.lang.reflect.Constructor.newInstance(Unknown Source)
	at org.openqa.selenium.remote.ErrorHandler.createThrowable(ErrorHandler.java:216)
	at org.openqa.selenium.remote.ErrorHandler.throwIfResponseFailed(ErrorHandler.java:168)
	at org.openqa.selenium.remote.RemoteWebDriver.execute(RemoteWebDriver.java:635)
	at org.openqa.selenium.remote.RemoteWebDriver.execute(RemoteWebDriver.java:658)
	at org.openqa.selenium.remote.RemoteWebDriver.close(RemoteWebDriver.java:487)
	at mob_insurance.functions.TestBase.tearDown(TestBase.java:249)
	at sun.reflect.NativeMethodAccessorImpl.invoke0(Native Method)
	at sun.reflect.NativeMethodAccessorImpl.invoke(Unknown Source)
	at sun.reflect.DelegatingMethodAccessorImpl.invoke(Unknown Source)
	at java.lang.reflect.Method.invoke(Unknown Source)
	at org.testng.internal.MethodInvocationHelper.invokeMethod(MethodInvocationHelper.java:104)
	at org.testng.internal.Invoker.invokeConfigurationMethod(Invoker.java:515)
	at org.testng.internal.Invoker.invokeConfigurations(Invoker.java:217)
	at org.testng.internal.Invoker.invokeConfigurations(Invoker.java:144)
	at org.testng.internal.TestMethodWorker.invokeAfterClassMethods(TestMethodWorker.java:217)
	at org.testng.internal.TestMethodWorker.run(TestMethodWorker.java:115)
	at org.testng.TestRunner.privateRun(TestRunner.java:756)
	at org.testng.TestRunner.run(TestRunner.java:610)
	at org.testng.SuiteRunner.runTest(SuiteRunner.java:387)
	at org.testng.SuiteRunner.access$000(SuiteRunner.java:39)
	at org.testng.SuiteRunner$SuiteWorker.run(SuiteRunner.java:421)
	at org.testng.internal.thread.ThreadUtil$2.call(ThreadUtil.java:64)
	at java.util.concurrent.FutureTask.run(Unknown Source)
	at java.util.concurrent.ThreadPoolExecutor.runWorker(Unknown Source)
	at java.util.concurrent.ThreadPoolExecutor$Worker.run(Unknown Source)
	at java.lang.Thread.run(Unknown Source)
]]>
            </full-stacktrace>
          </exception> <!-- org.openqa.selenium.WebDriverException -->
          <reporter-output>
          </reporter-output>
        </test-method> <!-- tearDown -->
        <test-method status="PASS" signature="tearDownAfterSuit()[pri:0, instance:mob_insurance.scripts.AddClientContractDetails@20322d26]" name="tearDownAfterSuit" is-config="true" duration-ms="1114" started-at="2017-02-06T02:26:52Z" finished-at="2017-02-06T02:26:53Z">
          <reporter-output>
          </reporter-output>
        </test-method> <!-- tearDownAfterSuit -->
      </class> <!-- mob_insurance.scripts.AddClientContractDetails -->
    </test> <!-- MI_Test_Cycle_1 -->
  </suite> <!-- Suite -->
</testng-results>
